<?xml version="1.0" encoding="UTF-8"?>
<testsuite xmlns:xsi="http://www.w3.org/2001/XMLSchema-instance" xsi:noNamespaceSchemaLocation="https://maven.apache.org/surefire/maven-surefire-plugin/xsd/surefire-test-report.xsd" name="org.eclipse.leshan.server.californium.impl.CoapRequestBuilderTest" time="0.148" tests="12" errors="0" skipped="0" failures="0">
  <properties>
[...]
</properties>
  <testcase name="build_write_request_replace" classname="org.eclipse.leshan.server.californium.impl.CoapRequestBuilderTest" time="0.048"/>
  <testcase name="build_discover_request" classname="org.eclipse.leshan.server.californium.impl.CoapRequestBuilderTest" time="0.001"/>
  <testcase name="build_execute_request" classname="org.eclipse.leshan.server.californium.impl.CoapRequestBuilderTest" time="0.001"/>
  <testcase name="build_read_request" classname="org.eclipse.leshan.server.californium.impl.CoapRequestBuilderTest" time="0.001"/>
  <testcase name="build_create_request__without_instance_id" classname="org.eclipse.leshan.server.californium.impl.CoapRequestBuilderTest" time="0.035"/>
  <testcase name="build_read_request_with_root_path" classname="org.eclipse.leshan.server.californium.impl.CoapRequestBuilderTest" time="0"/>
  <testcase name="build_write_attribute_request" classname="org.eclipse.leshan.server.californium.impl.CoapRequestBuilderTest" time="0.016"/>
  <testcase name="build_observe_request" classname="org.eclipse.leshan.server.californium.impl.CoapRequestBuilderTest" time="0"/>
  <testcase name="build_delete_request" classname="org.eclipse.leshan.server.californium.impl.CoapRequestBuilderTest" time="0.022"/>
  <testcase name="build_write_request" classname="org.eclipse.leshan.server.californium.impl.CoapRequestBuilderTest" time="0"/>
  <testcase name="build_create_request__with_instance_id" classname="org.eclipse.leshan.server.californium.impl.CoapRequestBuilderTest" time="0"/>
  <testcase name="build_read_request_with_non_default_object_path" classname="org.eclipse.leshan.server.californium.impl.CoapRequestBuilderTest" time="0"/>
</testsuite>