<?xml version="1.0" encoding="UTF-8"?>
<testsuite xmlns:xsi="http://www.w3.org/2001/XMLSchema-instance" xsi:noNamespaceSchemaLocation="https://maven.apache.org/surefire/maven-surefire-plugin/xsd/surefire-test-report.xsd" name="org.eclipse.leshan.integration.tests.ExecuteTest" time="0.486" tests="7" errors="0" skipped="0" failures="0">
  <properties>
[...]
</properties>
  <testcase name="can_execute_resource" classname="org.eclipse.leshan.integration.tests.ExecuteTest" time="0.178"/>
  <testcase name="cannot_execute_nonexisting_resource_on_non_existing_object" classname="org.eclipse.leshan.integration.tests.ExecuteTest" time="0.072"/>
  <testcase name="can_execute_resource_with_parameters" classname="org.eclipse.leshan.integration.tests.ExecuteTest" time="0.046"/>
  <testcase name="cannot_execute_security_object" classname="org.eclipse.leshan.integration.tests.ExecuteTest" time="0.044"/>
  <testcase name="cannot_execute_read_only_resource" classname="org.eclipse.leshan.integration.tests.ExecuteTest" time="0.041"/>
  <testcase name="cannot_execute_nonexisting_resource_on_existing_object" classname="org.eclipse.leshan.integration.tests.ExecuteTest" time="0.044"/>
  <testcase name="cannot_execute_read_write_resource" classname="org.eclipse.leshan.integration.tests.ExecuteTest" time="0.06"/>
</testsuite>